
****** Vivado v2022.1 (64-bit)
  **** SW Build 3526262 on Mon Apr 18 15:47:01 MDT 2022
  **** IP Build 3524634 on Mon Apr 18 20:55:01 MDT 2022
    ** Copyright 1986-2022 Xilinx, Inc. All Rights Reserved.

source /tmp/build.tcl.cgipDr
# exec rm -rf .Xil .gen .srcs
# set_param board.repoPaths /home/builder/.Xilinx/Vivado/2022.1/xhub/board_store/xilinx_board_store
# xhub::refresh_catalog [xhub::get_xstores xilinx_board_store]
# xhub::install [xhub::get_xitems digilentinc.com:xilinx_board_store:nexys4_ddr:1.1]
INFO: [xhubtcl 76-61] The object 'digilentinc.com:xilinx_board_store:nexys4_ddr:1.1' is already installed, to update use xhub::update command.
# set_part xc7a100tcsg324-1
INFO: [Coretcl 2-1500] The part has been set to 'xc7a100tcsg324-1' for the current project only. Run set_part -help for more details. To evaluate different speed grades in the current design, use the set_speed_grade command, or use the open_checkpoint -part command to change the part used by an existing checkpoint design.
# set_property board_part digilentinc.com:nexys4_ddr:part0:1.1 [current_project]
# read_xdc /tmp/tmp.rJPFmq/xdc/top_level.xdc
# read_verilog -sv /tmp/tmp.rJPFmq/src/udp_tx.sv
# read_verilog -sv /tmp/tmp.rJPFmq/src/arp_rx.sv
# read_verilog -sv /tmp/tmp.rJPFmq/src/udp_rx.sv
# read_verilog -sv /tmp/tmp.rJPFmq/src/ether.sv
# read_verilog -sv /tmp/tmp.rJPFmq/src/top_level.sv
# read_verilog -sv /tmp/tmp.rJPFmq/src/firewall.sv
# read_verilog -sv /tmp/tmp.rJPFmq/src/ip_tx.sv
# read_verilog -sv /tmp/tmp.rJPFmq/src/divider.sv
# read_verilog -sv /tmp/tmp.rJPFmq/src/crc32.sv
# read_verilog -sv /tmp/tmp.rJPFmq/src/cksum.sv
# read_verilog -sv /tmp/tmp.rJPFmq/src/ethernet_rx.sv
# read_verilog -sv /tmp/tmp.rJPFmq/src/ip_rx.sv
# read_verilog -sv /tmp/tmp.rJPFmq/src/ethertype.sv
# read_verilog -sv /tmp/tmp.rJPFmq/src/bland_cksum.sv
# read_verilog -sv /tmp/tmp.rJPFmq/src/network_tx.sv
# read_verilog -sv /tmp/tmp.rJPFmq/src/framebuffer.sv
# read_verilog -sv /tmp/tmp.rJPFmq/src/bitorder.sv
# read_verilog -sv /tmp/tmp.rJPFmq/src/xilinx_true_dual_port_read_first_2_clock_ram.v
# read_verilog -sv /tmp/tmp.rJPFmq/src/network_rx.sv
# read_verilog -sv /tmp/tmp.rJPFmq/src/network_stack.sv
# read_verilog -sv /tmp/tmp.rJPFmq/src/transport_rx.sv
# read_verilog -sv /tmp/tmp.rJPFmq/src/data_store_tx.sv
# read_verilog -sv /tmp/tmp.rJPFmq/src/transport_tx.sv
# read_verilog -sv /tmp/tmp.rJPFmq/src/data_store_rx.sv
# synth_design -top top_level -part xc7a100tcsg324-1
Command: synth_design -top top_level -part xc7a100tcsg324-1
Starting synth_design
Attempting to get a license for feature 'Synthesis' and/or device 'xc7a100t'
INFO: [Common 17-349] Got license for feature 'Synthesis' and/or device 'xc7a100t'
INFO: [Device 21-403] Loading part xc7a100tcsg324-1
INFO: [Synth 8-7079] Multithreading enabled for synth_design using a maximum of 4 processes.
INFO: [Synth 8-7078] Launching helper process for spawning children vivado processes
INFO: [Synth 8-7075] Helper process launched with PID 882507
WARNING: [Synth 8-9887] parameter declaration becomes local in 'udp_tx' with formal parameter declaration list [/tmp/tmp.rJPFmq/src/udp_tx.sv:21]
WARNING: [Synth 8-9887] parameter declaration becomes local in 'udp_tx' with formal parameter declaration list [/tmp/tmp.rJPFmq/src/udp_tx.sv:22]
WARNING: [Synth 8-9887] parameter declaration becomes local in 'udp_tx' with formal parameter declaration list [/tmp/tmp.rJPFmq/src/udp_tx.sv:23]
WARNING: [Synth 8-9887] parameter declaration becomes local in 'udp_tx' with formal parameter declaration list [/tmp/tmp.rJPFmq/src/udp_tx.sv:24]
WARNING: [Synth 8-9887] parameter declaration becomes local in 'udp_tx' with formal parameter declaration list [/tmp/tmp.rJPFmq/src/udp_tx.sv:25]
WARNING: [Synth 8-9887] parameter declaration becomes local in 'udp_rx' with formal parameter declaration list [/tmp/tmp.rJPFmq/src/udp_rx.sv:16]
WARNING: [Synth 8-9887] parameter declaration becomes local in 'udp_rx' with formal parameter declaration list [/tmp/tmp.rJPFmq/src/udp_rx.sv:17]
WARNING: [Synth 8-9887] parameter declaration becomes local in 'udp_rx' with formal parameter declaration list [/tmp/tmp.rJPFmq/src/udp_rx.sv:18]
WARNING: [Synth 8-9887] parameter declaration becomes local in 'udp_rx' with formal parameter declaration list [/tmp/tmp.rJPFmq/src/udp_rx.sv:19]
WARNING: [Synth 8-9887] parameter declaration becomes local in 'ether' with formal parameter declaration list [/tmp/tmp.rJPFmq/src/ether.sv:14]
WARNING: [Synth 8-9887] parameter declaration becomes local in 'ether' with formal parameter declaration list [/tmp/tmp.rJPFmq/src/ether.sv:15]
WARNING: [Synth 8-9887] parameter declaration becomes local in 'ether' with formal parameter declaration list [/tmp/tmp.rJPFmq/src/ether.sv:16]
WARNING: [Synth 8-9887] parameter declaration becomes local in 'ether' with formal parameter declaration list [/tmp/tmp.rJPFmq/src/ether.sv:17]
WARNING: [Synth 8-9887] parameter declaration becomes local in 'ether' with formal parameter declaration list [/tmp/tmp.rJPFmq/src/ether.sv:19]
WARNING: [Synth 8-9887] parameter declaration becomes local in 'firewall' with formal parameter declaration list [/tmp/tmp.rJPFmq/src/firewall.sv:13]
WARNING: [Synth 8-9887] parameter declaration becomes local in 'firewall' with formal parameter declaration list [/tmp/tmp.rJPFmq/src/firewall.sv:14]
WARNING: [Synth 8-9887] parameter declaration becomes local in 'firewall' with formal parameter declaration list [/tmp/tmp.rJPFmq/src/firewall.sv:15]
WARNING: [Synth 8-9887] parameter declaration becomes local in 'firewall' with formal parameter declaration list [/tmp/tmp.rJPFmq/src/firewall.sv:16]
WARNING: [Synth 8-9887] parameter declaration becomes local in 'firewall' with formal parameter declaration list [/tmp/tmp.rJPFmq/src/firewall.sv:17]
WARNING: [Synth 8-9887] parameter declaration becomes local in 'internet_protocol_tx' with formal parameter declaration list [/tmp/tmp.rJPFmq/src/ip_tx.sv:18]
WARNING: [Synth 8-9887] parameter declaration becomes local in 'internet_protocol_tx' with formal parameter declaration list [/tmp/tmp.rJPFmq/src/ip_tx.sv:19]
WARNING: [Synth 8-9887] parameter declaration becomes local in 'internet_protocol_tx' with formal parameter declaration list [/tmp/tmp.rJPFmq/src/ip_tx.sv:21]
WARNING: [Synth 8-9887] parameter declaration becomes local in 'internet_protocol_tx' with formal parameter declaration list [/tmp/tmp.rJPFmq/src/ip_tx.sv:22]
WARNING: [Synth 8-9887] parameter declaration becomes local in 'internet_protocol_tx' with formal parameter declaration list [/tmp/tmp.rJPFmq/src/ip_tx.sv:23]
WARNING: [Synth 8-9887] parameter declaration becomes local in 'internet_protocol_tx' with formal parameter declaration list [/tmp/tmp.rJPFmq/src/ip_tx.sv:24]
WARNING: [Synth 8-9887] parameter declaration becomes local in 'internet_protocol_tx' with formal parameter declaration list [/tmp/tmp.rJPFmq/src/ip_tx.sv:25]
WARNING: [Synth 8-9887] parameter declaration becomes local in 'internet_protocol_tx' with formal parameter declaration list [/tmp/tmp.rJPFmq/src/ip_tx.sv:26]
WARNING: [Synth 8-9887] parameter declaration becomes local in 'internet_protocol_tx' with formal parameter declaration list [/tmp/tmp.rJPFmq/src/ip_tx.sv:27]
WARNING: [Synth 8-9887] parameter declaration becomes local in 'internet_protocol_tx' with formal parameter declaration list [/tmp/tmp.rJPFmq/src/ip_tx.sv:28]
WARNING: [Synth 8-9887] parameter declaration becomes local in 'internet_protocol_tx' with formal parameter declaration list [/tmp/tmp.rJPFmq/src/ip_tx.sv:29]
WARNING: [Synth 8-9887] parameter declaration becomes local in 'internet_protocol_rx' with formal parameter declaration list [/tmp/tmp.rJPFmq/src/ip_rx.sv:17]
WARNING: [Synth 8-9887] parameter declaration becomes local in 'internet_protocol_rx' with formal parameter declaration list [/tmp/tmp.rJPFmq/src/ip_rx.sv:18]
WARNING: [Synth 8-9887] parameter declaration becomes local in 'internet_protocol_rx' with formal parameter declaration list [/tmp/tmp.rJPFmq/src/ip_rx.sv:19]
WARNING: [Synth 8-9887] parameter declaration becomes local in 'internet_protocol_rx' with formal parameter declaration list [/tmp/tmp.rJPFmq/src/ip_rx.sv:20]
WARNING: [Synth 8-9887] parameter declaration becomes local in 'internet_protocol_rx' with formal parameter declaration list [/tmp/tmp.rJPFmq/src/ip_rx.sv:21]
WARNING: [Synth 8-9887] parameter declaration becomes local in 'internet_protocol_rx' with formal parameter declaration list [/tmp/tmp.rJPFmq/src/ip_rx.sv:22]
WARNING: [Synth 8-9887] parameter declaration becomes local in 'internet_protocol_rx' with formal parameter declaration list [/tmp/tmp.rJPFmq/src/ip_rx.sv:23]
WARNING: [Synth 8-9887] parameter declaration becomes local in 'internet_protocol_rx' with formal parameter declaration list [/tmp/tmp.rJPFmq/src/ip_rx.sv:24]
WARNING: [Synth 8-9887] parameter declaration becomes local in 'internet_protocol_rx' with formal parameter declaration list [/tmp/tmp.rJPFmq/src/ip_rx.sv:25]
WARNING: [Synth 8-9887] parameter declaration becomes local in 'internet_protocol_rx' with formal parameter declaration list [/tmp/tmp.rJPFmq/src/ip_rx.sv:26]
WARNING: [Synth 8-9887] parameter declaration becomes local in 'internet_protocol_rx' with formal parameter declaration list [/tmp/tmp.rJPFmq/src/ip_rx.sv:27]
WARNING: [Synth 8-9887] parameter declaration becomes local in 'internet_protocol_rx' with formal parameter declaration list [/tmp/tmp.rJPFmq/src/ip_rx.sv:28]
WARNING: [Synth 8-9887] parameter declaration becomes local in 'internet_protocol_rx' with formal parameter declaration list [/tmp/tmp.rJPFmq/src/ip_rx.sv:29]
WARNING: [Synth 8-9887] parameter declaration becomes local in 'ethertype' with formal parameter declaration list [/tmp/tmp.rJPFmq/src/ethertype.sv:14]
WARNING: [Synth 8-9887] parameter declaration becomes local in 'ethertype' with formal parameter declaration list [/tmp/tmp.rJPFmq/src/ethertype.sv:15]
WARNING: [Synth 8-9887] parameter declaration becomes local in 'bland_cksum' with formal parameter declaration list [/tmp/tmp.rJPFmq/src/bland_cksum.sv:16]
WARNING: [Synth 8-9887] parameter declaration becomes local in 'bitorder' with formal parameter declaration list [/tmp/tmp.rJPFmq/src/bitorder.sv:14]
WARNING: [Synth 8-9887] parameter declaration becomes local in 'bitorder' with formal parameter declaration list [/tmp/tmp.rJPFmq/src/bitorder.sv:15]
WARNING: [Synth 8-9887] parameter declaration becomes local in 'network_stack' with formal parameter declaration list [/tmp/tmp.rJPFmq/src/network_stack.sv:21]
WARNING: [Synth 8-9887] parameter declaration becomes local in 'network_stack' with formal parameter declaration list [/tmp/tmp.rJPFmq/src/network_stack.sv:113]
WARNING: [Synth 8-9887] parameter declaration becomes local in 'network_stack' with formal parameter declaration list [/tmp/tmp.rJPFmq/src/network_stack.sv:114]
WARNING: [Synth 8-9887] parameter declaration becomes local in 'network_stack' with formal parameter declaration list [/tmp/tmp.rJPFmq/src/network_stack.sv:115]
WARNING: [Synth 8-9887] parameter declaration becomes local in 'network_stack' with formal parameter declaration list [/tmp/tmp.rJPFmq/src/network_stack.sv:116]
WARNING: [Synth 8-9887] parameter declaration becomes local in 'network_stack' with formal parameter declaration list [/tmp/tmp.rJPFmq/src/network_stack.sv:117]
WARNING: [Synth 8-9887] parameter declaration becomes local in 'data_store_tx' with formal parameter declaration list [/tmp/tmp.rJPFmq/src/data_store_tx.sv:16]
---------------------------------------------------------------------------------
Starting RTL Elaboration : Time (s): cpu = 00:00:03 ; elapsed = 00:00:04 . Memory (MB): peak = 2595.020 ; gain = 0.000 ; free physical = 273 ; free virtual = 6734
---------------------------------------------------------------------------------
INFO: [Synth 8-6157] synthesizing module 'top_level' [/tmp/tmp.rJPFmq/src/top_level.sv:4]
INFO: [Synth 8-6157] synthesizing module 'divider' [/tmp/tmp.rJPFmq/src/divider.sv:69]
INFO: [Synth 8-6157] synthesizing module 'IBUF' [/opt/Xilinx/Vivado/2022.1/scripts/rt/data/unisim_comp.v:55203]
INFO: [Synth 8-6155] done synthesizing module 'IBUF' (0#1) [/opt/Xilinx/Vivado/2022.1/scripts/rt/data/unisim_comp.v:55203]
INFO: [Synth 8-6157] synthesizing module 'MMCME2_ADV' [/opt/Xilinx/Vivado/2022.1/scripts/rt/data/unisim_comp.v:63509]
	Parameter BANDWIDTH bound to: OPTIMIZED - type: string 
	Parameter CLKFBOUT_MULT_F bound to: 10.000000 - type: double 
	Parameter CLKFBOUT_PHASE bound to: 0.000000 - type: double 
	Parameter CLKFBOUT_USE_FINE_PS bound to: FALSE - type: string 
	Parameter CLKIN1_PERIOD bound to: 10.000000 - type: double 
	Parameter CLKOUT0_DIVIDE_F bound to: 20.000000 - type: double 
	Parameter CLKOUT0_DUTY_CYCLE bound to: 0.500000 - type: double 
	Parameter CLKOUT0_PHASE bound to: 0.000000 - type: double 
	Parameter CLKOUT0_USE_FINE_PS bound to: FALSE - type: string 
	Parameter CLKOUT4_CASCADE bound to: FALSE - type: string 
	Parameter COMPENSATION bound to: ZHOLD - type: string 
	Parameter DIVCLK_DIVIDE bound to: 1 - type: integer 
	Parameter STARTUP_WAIT bound to: FALSE - type: string 
INFO: [Synth 8-6155] done synthesizing module 'MMCME2_ADV' (0#1) [/opt/Xilinx/Vivado/2022.1/scripts/rt/data/unisim_comp.v:63509]
INFO: [Synth 8-6157] synthesizing module 'BUFG' [/opt/Xilinx/Vivado/2022.1/scripts/rt/data/unisim_comp.v:1082]
INFO: [Synth 8-6155] done synthesizing module 'BUFG' (0#1) [/opt/Xilinx/Vivado/2022.1/scripts/rt/data/unisim_comp.v:1082]
INFO: [Synth 8-6155] done synthesizing module 'divider' (0#1) [/tmp/tmp.rJPFmq/src/divider.sv:69]
INFO: [Synth 8-6157] synthesizing module 'network_stack' [/tmp/tmp.rJPFmq/src/network_stack.sv:4]
	Parameter N bound to: 2 - type: integer 
INFO: [Synth 8-6157] synthesizing module 'ethernet_rx' [/tmp/tmp.rJPFmq/src/ethernet_rx.sv:5]
	Parameter N bound to: 2 - type: integer 
INFO: [Synth 8-6157] synthesizing module 'ether' [/tmp/tmp.rJPFmq/src/ether.sv:5]
	Parameter N bound to: 2 - type: integer 
INFO: [Synth 8-6155] done synthesizing module 'ether' (0#1) [/tmp/tmp.rJPFmq/src/ether.sv:5]
INFO: [Synth 8-6157] synthesizing module 'bitorder' [/tmp/tmp.rJPFmq/src/bitorder.sv:5]
	Parameter N bound to: 2 - type: integer 
INFO: [Synth 8-6155] done synthesizing module 'bitorder' (0#1) [/tmp/tmp.rJPFmq/src/bitorder.sv:5]
INFO: [Synth 8-6157] synthesizing module 'firewall' [/tmp/tmp.rJPFmq/src/firewall.sv:4]
	Parameter N bound to: 2 - type: integer 
INFO: [Synth 8-6155] done synthesizing module 'firewall' (0#1) [/tmp/tmp.rJPFmq/src/firewall.sv:4]
INFO: [Synth 8-6157] synthesizing module 'ethertype' [/tmp/tmp.rJPFmq/src/ethertype.sv:5]
	Parameter N bound to: 2 - type: integer 
INFO: [Synth 8-6155] done synthesizing module 'ethertype' (0#1) [/tmp/tmp.rJPFmq/src/ethertype.sv:5]
INFO: [Synth 8-6157] synthesizing module 'cksum' [/tmp/tmp.rJPFmq/src/cksum.sv:4]
INFO: [Synth 8-6157] synthesizing module 'crc32' [/tmp/tmp.rJPFmq/src/crc32.sv:22]
INFO: [Synth 8-6155] done synthesizing module 'crc32' (0#1) [/tmp/tmp.rJPFmq/src/crc32.sv:22]
INFO: [Synth 8-6155] done synthesizing module 'cksum' (0#1) [/tmp/tmp.rJPFmq/src/cksum.sv:4]
INFO: [Synth 8-6155] done synthesizing module 'ethernet_rx' (0#1) [/tmp/tmp.rJPFmq/src/ethernet_rx.sv:5]
INFO: [Synth 8-6157] synthesizing module 'network_rx' [/tmp/tmp.rJPFmq/src/network_rx.sv:4]
	Parameter N bound to: 2 - type: integer 
INFO: [Synth 8-6157] synthesizing module 'internet_protocol_rx' [/tmp/tmp.rJPFmq/src/ip_rx.sv:5]
	Parameter N bound to: 2 - type: integer 
INFO: [Synth 8-6157] synthesizing module 'bland_cksum' [/tmp/tmp.rJPFmq/src/bland_cksum.sv:5]
	Parameter N bound to: 2 - type: integer 
INFO: [Synth 8-6155] done synthesizing module 'bland_cksum' (0#1) [/tmp/tmp.rJPFmq/src/bland_cksum.sv:5]
WARNING: [Synth 8-7071] port 'init_valid' of module 'bland_cksum' is unconnected for instance 'ip_sum' [/tmp/tmp.rJPFmq/src/ip_rx.sv:43]
WARNING: [Synth 8-7071] port 'init_data' of module 'bland_cksum' is unconnected for instance 'ip_sum' [/tmp/tmp.rJPFmq/src/ip_rx.sv:43]
WARNING: [Synth 8-7023] instance 'ip_sum' of module 'bland_cksum' has 8 connections declared, but only 6 given [/tmp/tmp.rJPFmq/src/ip_rx.sv:43]
INFO: [Synth 8-6155] done synthesizing module 'internet_protocol_rx' (0#1) [/tmp/tmp.rJPFmq/src/ip_rx.sv:5]
INFO: [Synth 8-6157] synthesizing module 'arp_rx' [/tmp/tmp.rJPFmq/src/arp_rx.sv:5]
	Parameter N bound to: 2 - type: integer 
INFO: [Synth 8-6155] done synthesizing module 'arp_rx' (0#1) [/tmp/tmp.rJPFmq/src/arp_rx.sv:5]
WARNING: [Synth 8-7071] port 'axiod' of module 'arp_rx' is unconnected for instance 'arp_mod' [/tmp/tmp.rJPFmq/src/network_rx.sv:45]
WARNING: [Synth 8-7023] instance 'arp_mod' of module 'arp_rx' has 6 connections declared, but only 5 given [/tmp/tmp.rJPFmq/src/network_rx.sv:45]
INFO: [Synth 8-6155] done synthesizing module 'network_rx' (0#1) [/tmp/tmp.rJPFmq/src/network_rx.sv:4]
INFO: [Synth 8-6157] synthesizing module 'transport_rx' [/tmp/tmp.rJPFmq/src/transport_rx.sv:6]
	Parameter N bound to: 2 - type: integer 
INFO: [Synth 8-6157] synthesizing module 'udp_rx' [/tmp/tmp.rJPFmq/src/udp_rx.sv:4]
	Parameter N bound to: 2 - type: integer 
INFO: [Synth 8-6155] done synthesizing module 'udp_rx' (0#1) [/tmp/tmp.rJPFmq/src/udp_rx.sv:4]
INFO: [Synth 8-6155] done synthesizing module 'transport_rx' (0#1) [/tmp/tmp.rJPFmq/src/transport_rx.sv:6]
INFO: [Synth 8-6157] synthesizing module 'data_store_rx' [/tmp/tmp.rJPFmq/src/data_store_rx.sv:4]
	Parameter N bound to: 2 - type: integer 
INFO: [Synth 8-6157] synthesizing module 'xilinx_true_dual_port_read_first_2_clock_ram' [/tmp/tmp.rJPFmq/src/xilinx_true_dual_port_read_first_2_clock_ram.v:10]
	Parameter RAM_WIDTH bound to: 16 - type: integer 
	Parameter RAM_DEPTH bound to: 256 - type: integer 
INFO: [Synth 8-6155] done synthesizing module 'xilinx_true_dual_port_read_first_2_clock_ram' (0#1) [/tmp/tmp.rJPFmq/src/xilinx_true_dual_port_read_first_2_clock_ram.v:10]
INFO: [Synth 8-6155] done synthesizing module 'data_store_rx' (0#1) [/tmp/tmp.rJPFmq/src/data_store_rx.sv:4]
INFO: [Synth 8-6157] synthesizing module 'network_tx' [/tmp/tmp.rJPFmq/src/network_tx.sv:4]
	Parameter N bound to: 2 - type: integer 
INFO: [Synth 8-6157] synthesizing module 'internet_protocol_tx' [/tmp/tmp.rJPFmq/src/ip_tx.sv:4]
	Parameter N bound to: 2 - type: integer 
WARNING: [Synth 8-689] width (4) of port connection 'axiid' does not match port width (2) of module 'bland_cksum' [/tmp/tmp.rJPFmq/src/ip_tx.sv:47]
WARNING: [Synth 8-7071] port 'axiov' of module 'bland_cksum' is unconnected for instance 'udp_cksum' [/tmp/tmp.rJPFmq/src/ip_tx.sv:43]
WARNING: [Synth 8-7023] instance 'udp_cksum' of module 'bland_cksum' has 8 connections declared, but only 7 given [/tmp/tmp.rJPFmq/src/ip_tx.sv:43]
INFO: [Synth 8-155] case statement is not full and has no default [/tmp/tmp.rJPFmq/src/ip_tx.sv:89]
INFO: [Synth 8-6155] done synthesizing module 'internet_protocol_tx' (0#1) [/tmp/tmp.rJPFmq/src/ip_tx.sv:4]
WARNING: [Synth 8-7071] port 'axiod' of module 'internet_protocol_tx' is unconnected for instance 'ip4_tx' [/tmp/tmp.rJPFmq/src/network_tx.sv:36]
WARNING: [Synth 8-7023] instance 'ip4_tx' of module 'internet_protocol_tx' has 11 connections declared, but only 10 given [/tmp/tmp.rJPFmq/src/network_tx.sv:36]
INFO: [Synth 8-6155] done synthesizing module 'network_tx' (0#1) [/tmp/tmp.rJPFmq/src/network_tx.sv:4]
INFO: [Synth 8-6157] synthesizing module 'transport_tx' [/tmp/tmp.rJPFmq/src/transport_tx.sv:6]
	Parameter N bound to: 2 - type: integer 
INFO: [Synth 8-6157] synthesizing module 'udp_tx' [/tmp/tmp.rJPFmq/src/udp_tx.sv:4]
	Parameter N bound to: 2 - type: integer 
WARNING: [Synth 8-689] width (4) of port connection 'axiid' does not match port width (2) of module 'bland_cksum' [/tmp/tmp.rJPFmq/src/udp_tx.sv:43]
WARNING: [Synth 8-7071] port 'axiov' of module 'bland_cksum' is unconnected for instance 'udp_cksum' [/tmp/tmp.rJPFmq/src/udp_tx.sv:39]
WARNING: [Synth 8-7023] instance 'udp_cksum' of module 'bland_cksum' has 8 connections declared, but only 7 given [/tmp/tmp.rJPFmq/src/udp_tx.sv:39]
INFO: [Synth 8-155] case statement is not full and has no default [/tmp/tmp.rJPFmq/src/udp_tx.sv:86]
INFO: [Synth 8-6155] done synthesizing module 'udp_tx' (0#1) [/tmp/tmp.rJPFmq/src/udp_tx.sv:4]
INFO: [Synth 8-6155] done synthesizing module 'transport_tx' (0#1) [/tmp/tmp.rJPFmq/src/transport_tx.sv:6]
WARNING: [Synth 8-689] width (2) of port connection 'axiod' does not match port width (32) of module 'crc32' [/tmp/tmp.rJPFmq/src/network_stack.sv:176]
INFO: [Synth 8-155] case statement is not full and has no default [/tmp/tmp.rJPFmq/src/network_stack.sv:199]
INFO: [Synth 8-6155] done synthesizing module 'network_stack' (0#1) [/tmp/tmp.rJPFmq/src/network_stack.sv:4]
WARNING: [Synth 8-7071] port 'axiov' of module 'network_stack' is unconnected for instance 'da_net' [/tmp/tmp.rJPFmq/src/top_level.sv:34]
WARNING: [Synth 8-7071] port 'axiod' of module 'network_stack' is unconnected for instance 'da_net' [/tmp/tmp.rJPFmq/src/top_level.sv:34]
WARNING: [Synth 8-7071] port 'dst_ip_in' of module 'network_stack' is unconnected for instance 'da_net' [/tmp/tmp.rJPFmq/src/top_level.sv:34]
WARNING: [Synth 8-7071] port 'transport_protocol_in' of module 'network_stack' is unconnected for instance 'da_net' [/tmp/tmp.rJPFmq/src/top_level.sv:34]
WARNING: [Synth 8-7071] port 'ethertype_in' of module 'network_stack' is unconnected for instance 'da_net' [/tmp/tmp.rJPFmq/src/top_level.sv:34]
WARNING: [Synth 8-7071] port 'udp_src_port_in' of module 'network_stack' is unconnected for instance 'da_net' [/tmp/tmp.rJPFmq/src/top_level.sv:34]
WARNING: [Synth 8-7071] port 'udp_dst_port_in' of module 'network_stack' is unconnected for instance 'da_net' [/tmp/tmp.rJPFmq/src/top_level.sv:34]
WARNING: [Synth 8-7023] instance 'da_net' of module 'network_stack' has 14 connections declared, but only 7 given [/tmp/tmp.rJPFmq/src/top_level.sv:34]
INFO: [Synth 8-6155] done synthesizing module 'top_level' (0#1) [/tmp/tmp.rJPFmq/src/top_level.sv:4]
WARNING: [Synth 8-87] always_comb on 'axiod_reg' did not result in combinational logic [/tmp/tmp.rJPFmq/src/ethertype.sv:24]
WARNING: [Synth 8-87] always_comb on 'axiov_reg' did not result in combinational logic [/tmp/tmp.rJPFmq/src/ethertype.sv:25]
WARNING: [Synth 8-3848] Net arp_axiov in module/entity network_tx does not have driver. [/tmp/tmp.rJPFmq/src/network_tx.sv:18]
WARNING: [Synth 8-3848] Net arp_axiod in module/entity network_tx does not have driver. [/tmp/tmp.rJPFmq/src/network_tx.sv:19]
WARNING: [Synth 8-3848] Net ip_axiod in module/entity network_tx does not have driver. [/tmp/tmp.rJPFmq/src/network_tx.sv:19]
WARNING: [Synth 8-3848] Net arp_axi_last in module/entity network_tx does not have driver. [/tmp/tmp.rJPFmq/src/network_tx.sv:18]
WARNING: [Synth 8-6014] Unused sequential element ethernet_axiiv_tx_reg was removed.  [/tmp/tmp.rJPFmq/src/network_stack.sv:188]
WARNING: [Synth 8-6014] Unused sequential element data_axiiv_tx_reg was removed.  [/tmp/tmp.rJPFmq/src/network_stack.sv:191]
WARNING: [Synth 8-3848] Net ethernet_axi_last_tx in module/entity network_stack does not have driver. [/tmp/tmp.rJPFmq/src/network_stack.sv:121]
WARNING: [Synth 8-3848] Net data_axi_last_tx in module/entity network_stack does not have driver. [/tmp/tmp.rJPFmq/src/network_stack.sv:121]
WARNING: [Synth 8-3848] Net data_length in module/entity network_stack does not have driver. [/tmp/tmp.rJPFmq/src/network_stack.sv:126]
WARNING: [Synth 8-3848] Net data_cksum in module/entity network_stack does not have driver. [/tmp/tmp.rJPFmq/src/network_stack.sv:126]
WARNING: [Synth 8-3848] Net ethernet_axiod_tx in module/entity network_stack does not have driver. [/tmp/tmp.rJPFmq/src/network_stack.sv:120]
WARNING: [Synth 8-3848] Net data_axiod_tx in module/entity network_stack does not have driver. [/tmp/tmp.rJPFmq/src/network_stack.sv:120]
---------------------------------------------------------------------------------
Finished RTL Elaboration : Time (s): cpu = 00:00:05 ; elapsed = 00:00:05 . Memory (MB): peak = 2595.020 ; gain = 0.000 ; free physical = 1364 ; free virtual = 7825
---------------------------------------------------------------------------------
---------------------------------------------------------------------------------
Start Handling Custom Attributes
---------------------------------------------------------------------------------
---------------------------------------------------------------------------------
Finished Handling Custom Attributes : Time (s): cpu = 00:00:05 ; elapsed = 00:00:05 . Memory (MB): peak = 2595.020 ; gain = 0.000 ; free physical = 1366 ; free virtual = 7827
---------------------------------------------------------------------------------
---------------------------------------------------------------------------------
Finished RTL Optimization Phase 1 : Time (s): cpu = 00:00:05 ; elapsed = 00:00:05 . Memory (MB): peak = 2595.020 ; gain = 0.000 ; free physical = 1366 ; free virtual = 7827
---------------------------------------------------------------------------------
Netlist sorting complete. Time (s): cpu = 00:00:00.02 ; elapsed = 00:00:00.02 . Memory (MB): peak = 2595.020 ; gain = 0.000 ; free physical = 1357 ; free virtual = 7819
INFO: [Netlist 29-17] Analyzing 1 Unisim elements for replacement
INFO: [Netlist 29-28] Unisim Transformation completed in 0 CPU seconds
INFO: [Project 1-570] Preparing netlist for logic optimization

Processing XDC Constraints
Initializing timing engine
Parsing XDC File [/tmp/tmp.rJPFmq/xdc/top_level.xdc]
Finished Parsing XDC File [/tmp/tmp.rJPFmq/xdc/top_level.xdc]
INFO: [Project 1-236] Implementation specific constraints were found while reading constraint file [/tmp/tmp.rJPFmq/xdc/top_level.xdc]. These constraints will be ignored for synthesis but will be used in implementation. Impacted constraints are listed in the file [.Xil/top_level_propImpl.xdc].
Resolution: To avoid this warning, move constraints listed in [.Xil/top_level_propImpl.xdc] to another XDC file and exclude this new file from synthesis with the used_in_synthesis property (File Properties dialog in GUI) and re-run elaboration/synthesis.
INFO: [Timing 38-2] Deriving generated clocks
Completed Processing XDC Constraints

Netlist sorting complete. Time (s): cpu = 00:00:00 ; elapsed = 00:00:00 . Memory (MB): peak = 2659.035 ; gain = 0.000 ; free physical = 1272 ; free virtual = 7733
INFO: [Project 1-111] Unisim Transformation Summary:
No Unisim elements were transformed.

Constraint Validation Runtime : Time (s): cpu = 00:00:00 ; elapsed = 00:00:00.01 . Memory (MB): peak = 2659.035 ; gain = 0.000 ; free physical = 1272 ; free virtual = 7733
---------------------------------------------------------------------------------
Finished Constraint Validation : Time (s): cpu = 00:00:11 ; elapsed = 00:00:11 . Memory (MB): peak = 2659.035 ; gain = 64.016 ; free physical = 1347 ; free virtual = 7808
---------------------------------------------------------------------------------
---------------------------------------------------------------------------------
Start Loading Part and Timing Information
---------------------------------------------------------------------------------
Loading part: xc7a100tcsg324-1
---------------------------------------------------------------------------------
Finished Loading Part and Timing Information : Time (s): cpu = 00:00:11 ; elapsed = 00:00:11 . Memory (MB): peak = 2659.035 ; gain = 64.016 ; free physical = 1347 ; free virtual = 7808
---------------------------------------------------------------------------------
---------------------------------------------------------------------------------
Start Applying 'set_property' XDC Constraints
---------------------------------------------------------------------------------
---------------------------------------------------------------------------------
Finished applying 'set_property' XDC Constraints : Time (s): cpu = 00:00:11 ; elapsed = 00:00:11 . Memory (MB): peak = 2659.035 ; gain = 64.016 ; free physical = 1347 ; free virtual = 7808
---------------------------------------------------------------------------------
INFO: [Synth 8-802] inferred FSM for state register 'state_reg' in module 'ether'
INFO: [Synth 8-802] inferred FSM for state register 'tx_state_reg' in module 'network_stack'
---------------------------------------------------------------------------------------------------
                   State |                     New Encoding |                Previous Encoding 
---------------------------------------------------------------------------------------------------
                 WAITING |                               00 |                               00
                   INTRO |                               01 |                               01
           FALSE_CARRIER |                               10 |                               11
                 CONTENT |                               11 |                               10
---------------------------------------------------------------------------------------------------
INFO: [Synth 8-3354] encoded FSM with state register 'state_reg' using encoding 'sequential' in module 'ether'
WARNING: [Synth 8-327] inferring latch for variable 'axiov_reg' [/tmp/tmp.rJPFmq/src/ethertype.sv:25]
WARNING: [Synth 8-327] inferring latch for variable 'axiod_reg' [/tmp/tmp.rJPFmq/src/ethertype.sv:24]
INFO: [Synth 8-3971] The signal "xilinx_true_dual_port_read_first_2_clock_ram:/BRAM_reg" was recognized as a true dual port RAM template.
---------------------------------------------------------------------------------------------------
                   State |                     New Encoding |                Previous Encoding 
---------------------------------------------------------------------------------------------------
             TX_ETHERNET |                            00001 |                              000
              TX_NETWORK |                            00010 |                              001
            TX_TRANSPORT |                            00100 |                              010
                 TX_DATA |                            01000 |                              011
       TX_ETHERNET_CKSUM |                            10000 |                              100
---------------------------------------------------------------------------------------------------
INFO: [Synth 8-3354] encoded FSM with state register 'tx_state_reg' using encoding 'one-hot' in module 'network_stack'
---------------------------------------------------------------------------------
Finished RTL Optimization Phase 2 : Time (s): cpu = 00:00:12 ; elapsed = 00:00:13 . Memory (MB): peak = 2659.035 ; gain = 64.016 ; free physical = 1337 ; free virtual = 7800
---------------------------------------------------------------------------------
---------------------------------------------------------------------------------
Start RTL Component Statistics 
---------------------------------------------------------------------------------
Detailed RTL Component Info : 
+---Adders : 
	   3 Input   17 Bit       Adders := 4     
	   2 Input   17 Bit       Adders := 12    
	   4 Input   17 Bit       Adders := 6     
	   4 Input   16 Bit       Adders := 4     
	   3 Input   16 Bit       Adders := 5     
	   2 Input   16 Bit       Adders := 5     
	   2 Input    8 Bit       Adders := 3     
	   2 Input    6 Bit       Adders := 4     
	   2 Input    5 Bit       Adders := 2     
	   2 Input    4 Bit       Adders := 4     
	   2 Input    3 Bit       Adders := 7     
	   2 Input    2 Bit       Adders := 8     
+---XORs : 
	   2 Input     16 Bit         XORs := 4     
	   2 Input      1 Bit         XORs := 44    
+---Registers : 
	               48 Bit    Registers := 1     
	               32 Bit    Registers := 4     
	               17 Bit    Registers := 12    
	               16 Bit    Registers := 20    
	                8 Bit    Registers := 10    
	                6 Bit    Registers := 4     
	                5 Bit    Registers := 5     
	                4 Bit    Registers := 17    
	                3 Bit    Registers := 10    
	                2 Bit    Registers := 19    
	                1 Bit    Registers := 42    
+---RAMs : 
	               4K Bit	(256 X 16 bit)          RAMs := 1     
+---Muxes : 
	   2 Input   48 Bit        Muxes := 3     
	   2 Input   32 Bit        Muxes := 6     
	  11 Input   32 Bit        Muxes := 1     
	  12 Input   32 Bit        Muxes := 1     
	   2 Input   17 Bit        Muxes := 4     
	   2 Input   16 Bit        Muxes := 40    
	   3 Input   16 Bit        Muxes := 4     
	   4 Input   16 Bit        Muxes := 1     
	   2 Input    8 Bit        Muxes := 15    
	   8 Input    8 Bit        Muxes := 1     
	   4 Input    6 Bit        Muxes := 1     
	   2 Input    6 Bit        Muxes := 3     
	   2 Input    5 Bit        Muxes := 5     
	   5 Input    5 Bit        Muxes := 1     
	   2 Input    4 Bit        Muxes := 24    
	   7 Input    4 Bit        Muxes := 1     
	   2 Input    3 Bit        Muxes := 9     
	  10 Input    3 Bit        Muxes := 1     
	   2 Input    2 Bit        Muxes := 44    
	   4 Input    2 Bit        Muxes := 3     
	   3 Input    2 Bit        Muxes := 1     
	   5 Input    2 Bit        Muxes := 1     
	   3 Input    1 Bit        Muxes := 6     
	   4 Input    1 Bit        Muxes := 11    
	   2 Input    1 Bit        Muxes := 92    
	  14 Input    1 Bit        Muxes := 1     
	  10 Input    1 Bit        Muxes := 7     
	   6 Input    1 Bit        Muxes := 6     
	   5 Input    1 Bit        Muxes := 8     
---------------------------------------------------------------------------------
Finished RTL Component Statistics 
---------------------------------------------------------------------------------
---------------------------------------------------------------------------------
Start Part Resource Summary
---------------------------------------------------------------------------------
Part Resources:
DSPs: 240 (col length:80)
BRAMs: 270 (col length: RAMB18 80 RAMB36 40)
---------------------------------------------------------------------------------
Finished Part Resource Summary
---------------------------------------------------------------------------------
---------------------------------------------------------------------------------
Start Cross Boundary and Area Optimization
---------------------------------------------------------------------------------
WARNING: [Synth 8-7080] Parallel synthesis criteria is not met
WARNING: [Synth 8-7129] Port src_ip_in[31] in module network_tx is either unconnected or has no load
WARNING: [Synth 8-7129] Port src_ip_in[30] in module network_tx is either unconnected or has no load
WARNING: [Synth 8-7129] Port src_ip_in[29] in module network_tx is either unconnected or has no load
WARNING: [Synth 8-7129] Port src_ip_in[28] in module network_tx is either unconnected or has no load
WARNING: [Synth 8-7129] Port src_ip_in[27] in module network_tx is either unconnected or has no load
WARNING: [Synth 8-7129] Port src_ip_in[26] in module network_tx is either unconnected or has no load
WARNING: [Synth 8-7129] Port src_ip_in[25] in module network_tx is either unconnected or has no load
WARNING: [Synth 8-7129] Port src_ip_in[24] in module network_tx is either unconnected or has no load
WARNING: [Synth 8-7129] Port src_ip_in[23] in module network_tx is either unconnected or has no load
WARNING: [Synth 8-7129] Port src_ip_in[22] in module network_tx is either unconnected or has no load
WARNING: [Synth 8-7129] Port src_ip_in[21] in module network_tx is either unconnected or has no load
WARNING: [Synth 8-7129] Port src_ip_in[20] in module network_tx is either unconnected or has no load
WARNING: [Synth 8-7129] Port src_ip_in[19] in module network_tx is either unconnected or has no load
WARNING: [Synth 8-7129] Port src_ip_in[18] in module network_tx is either unconnected or has no load
WARNING: [Synth 8-7129] Port src_ip_in[17] in module network_tx is either unconnected or has no load
WARNING: [Synth 8-7129] Port src_ip_in[16] in module network_tx is either unconnected or has no load
WARNING: [Synth 8-7129] Port src_ip_in[15] in module network_tx is either unconnected or has no load
WARNING: [Synth 8-7129] Port src_ip_in[14] in module network_tx is either unconnected or has no load
WARNING: [Synth 8-7129] Port src_ip_in[13] in module network_tx is either unconnected or has no load
WARNING: [Synth 8-7129] Port src_ip_in[12] in module network_tx is either unconnected or has no load
WARNING: [Synth 8-7129] Port src_ip_in[11] in module network_tx is either unconnected or has no load
WARNING: [Synth 8-7129] Port src_ip_in[10] in module network_tx is either unconnected or has no load
WARNING: [Synth 8-7129] Port src_ip_in[9] in module network_tx is either unconnected or has no load
WARNING: [Synth 8-7129] Port src_ip_in[8] in module network_tx is either unconnected or has no load
WARNING: [Synth 8-7129] Port src_ip_in[7] in module network_tx is either unconnected or has no load
WARNING: [Synth 8-7129] Port src_ip_in[6] in module network_tx is either unconnected or has no load
WARNING: [Synth 8-7129] Port src_ip_in[5] in module network_tx is either unconnected or has no load
WARNING: [Synth 8-7129] Port src_ip_in[4] in module network_tx is either unconnected or has no load
WARNING: [Synth 8-7129] Port src_ip_in[3] in module network_tx is either unconnected or has no load
WARNING: [Synth 8-7129] Port src_ip_in[2] in module network_tx is either unconnected or has no load
WARNING: [Synth 8-7129] Port src_ip_in[1] in module network_tx is either unconnected or has no load
WARNING: [Synth 8-7129] Port src_ip_in[0] in module network_tx is either unconnected or has no load
WARNING: [Synth 8-7129] Port dst_ip_in[31] in module network_tx is either unconnected or has no load
WARNING: [Synth 8-7129] Port dst_ip_in[30] in module network_tx is either unconnected or has no load
WARNING: [Synth 8-7129] Port dst_ip_in[29] in module network_tx is either unconnected or has no load
WARNING: [Synth 8-7129] Port dst_ip_in[28] in module network_tx is either unconnected or has no load
WARNING: [Synth 8-7129] Port dst_ip_in[27] in module network_tx is either unconnected or has no load
WARNING: [Synth 8-7129] Port dst_ip_in[26] in module network_tx is either unconnected or has no load
WARNING: [Synth 8-7129] Port dst_ip_in[25] in module network_tx is either unconnected or has no load
WARNING: [Synth 8-7129] Port dst_ip_in[24] in module network_tx is either unconnected or has no load
WARNING: [Synth 8-7129] Port dst_ip_in[23] in module network_tx is either unconnected or has no load
WARNING: [Synth 8-7129] Port dst_ip_in[22] in module network_tx is either unconnected or has no load
WARNING: [Synth 8-7129] Port dst_ip_in[21] in module network_tx is either unconnected or has no load
WARNING: [Synth 8-7129] Port dst_ip_in[20] in module network_tx is either unconnected or has no load
WARNING: [Synth 8-7129] Port dst_ip_in[19] in module network_tx is either unconnected or has no load
WARNING: [Synth 8-7129] Port dst_ip_in[18] in module network_tx is either unconnected or has no load
WARNING: [Synth 8-7129] Port dst_ip_in[17] in module network_tx is either unconnected or has no load
WARNING: [Synth 8-7129] Port dst_ip_in[16] in module network_tx is either unconnected or has no load
WARNING: [Synth 8-7129] Port dst_ip_in[15] in module network_tx is either unconnected or has no load
WARNING: [Synth 8-7129] Port dst_ip_in[14] in module network_tx is either unconnected or has no load
WARNING: [Synth 8-7129] Port dst_ip_in[13] in module network_tx is either unconnected or has no load
WARNING: [Synth 8-7129] Port dst_ip_in[12] in module network_tx is either unconnected or has no load
WARNING: [Synth 8-7129] Port dst_ip_in[11] in module network_tx is either unconnected or has no load
WARNING: [Synth 8-7129] Port dst_ip_in[10] in module network_tx is either unconnected or has no load
WARNING: [Synth 8-7129] Port dst_ip_in[9] in module network_tx is either unconnected or has no load
WARNING: [Synth 8-7129] Port dst_ip_in[8] in module network_tx is either unconnected or has no load
WARNING: [Synth 8-7129] Port dst_ip_in[7] in module network_tx is either unconnected or has no load
WARNING: [Synth 8-7129] Port dst_ip_in[6] in module network_tx is either unconnected or has no load
WARNING: [Synth 8-7129] Port dst_ip_in[5] in module network_tx is either unconnected or has no load
WARNING: [Synth 8-7129] Port dst_ip_in[4] in module network_tx is either unconnected or has no load
WARNING: [Synth 8-7129] Port dst_ip_in[3] in module network_tx is either unconnected or has no load
WARNING: [Synth 8-7129] Port dst_ip_in[2] in module network_tx is either unconnected or has no load
WARNING: [Synth 8-7129] Port dst_ip_in[1] in module network_tx is either unconnected or has no load
WARNING: [Synth 8-7129] Port dst_ip_in[0] in module network_tx is either unconnected or has no load
WARNING: [Synth 8-7129] Port ip_protocol_in[7] in module network_tx is either unconnected or has no load
WARNING: [Synth 8-7129] Port ip_protocol_in[6] in module network_tx is either unconnected or has no load
WARNING: [Synth 8-7129] Port ip_protocol_in[5] in module network_tx is either unconnected or has no load
WARNING: [Synth 8-7129] Port ip_protocol_in[4] in module network_tx is either unconnected or has no load
WARNING: [Synth 8-7129] Port ip_protocol_in[3] in module network_tx is either unconnected or has no load
WARNING: [Synth 8-7129] Port ip_protocol_in[2] in module network_tx is either unconnected or has no load
WARNING: [Synth 8-7129] Port ip_protocol_in[1] in module network_tx is either unconnected or has no load
WARNING: [Synth 8-7129] Port ip_protocol_in[0] in module network_tx is either unconnected or has no load
WARNING: [Synth 8-7129] Port data_length_in[15] in module network_tx is either unconnected or has no load
WARNING: [Synth 8-7129] Port data_length_in[14] in module network_tx is either unconnected or has no load
WARNING: [Synth 8-7129] Port data_length_in[13] in module network_tx is either unconnected or has no load
WARNING: [Synth 8-7129] Port data_length_in[12] in module network_tx is either unconnected or has no load
WARNING: [Synth 8-7129] Port data_length_in[11] in module network_tx is either unconnected or has no load
WARNING: [Synth 8-7129] Port data_length_in[10] in module network_tx is either unconnected or has no load
WARNING: [Synth 8-7129] Port data_length_in[9] in module network_tx is either unconnected or has no load
WARNING: [Synth 8-7129] Port data_length_in[8] in module network_tx is either unconnected or has no load
WARNING: [Synth 8-7129] Port data_length_in[7] in module network_tx is either unconnected or has no load
WARNING: [Synth 8-7129] Port data_length_in[6] in module network_tx is either unconnected or has no load
WARNING: [Synth 8-7129] Port data_length_in[5] in module network_tx is either unconnected or has no load
WARNING: [Synth 8-7129] Port data_length_in[4] in module network_tx is either unconnected or has no load
WARNING: [Synth 8-7129] Port data_length_in[3] in module network_tx is either unconnected or has no load
WARNING: [Synth 8-7129] Port data_length_in[2] in module network_tx is either unconnected or has no load
WARNING: [Synth 8-7129] Port data_length_in[1] in module network_tx is either unconnected or has no load
WARNING: [Synth 8-7129] Port data_length_in[0] in module network_tx is either unconnected or has no load
WARNING: [Synth 8-6014] Unused sequential element data_store/BRAM_reg was removed. 
WARNING: [Synth 8-3332] Sequential element (FSM_onehot_tx_state_reg[2]) is unused and will be removed from module network_stack.
WARNING: [Synth 8-3332] Sequential element (FSM_onehot_tx_state_reg[1]) is unused and will be removed from module network_stack.
WARNING: [Synth 8-3332] Sequential element (FSM_onehot_tx_state_reg[0]) is unused and will be removed from module network_stack.
---------------------------------------------------------------------------------
Finished Cross Boundary and Area Optimization : Time (s): cpu = 00:00:15 ; elapsed = 00:00:16 . Memory (MB): peak = 2659.035 ; gain = 64.016 ; free physical = 1317 ; free virtual = 7786
---------------------------------------------------------------------------------
---------------------------------------------------------------------------------
Start Applying XDC Timing Constraints
---------------------------------------------------------------------------------
---------------------------------------------------------------------------------
Finished Applying XDC Timing Constraints : Time (s): cpu = 00:00:19 ; elapsed = 00:00:20 . Memory (MB): peak = 2659.035 ; gain = 64.016 ; free physical = 1202 ; free virtual = 7671
---------------------------------------------------------------------------------
---------------------------------------------------------------------------------
Start Timing Optimization
---------------------------------------------------------------------------------
---------------------------------------------------------------------------------
Finished Timing Optimization : Time (s): cpu = 00:00:20 ; elapsed = 00:00:21 . Memory (MB): peak = 2659.035 ; gain = 64.016 ; free physical = 1197 ; free virtual = 7666
---------------------------------------------------------------------------------
---------------------------------------------------------------------------------
Start Technology Mapping
---------------------------------------------------------------------------------
---------------------------------------------------------------------------------
Finished Technology Mapping : Time (s): cpu = 00:00:20 ; elapsed = 00:00:21 . Memory (MB): peak = 2659.035 ; gain = 64.016 ; free physical = 1197 ; free virtual = 7665
---------------------------------------------------------------------------------
---------------------------------------------------------------------------------
Start IO Insertion
---------------------------------------------------------------------------------
---------------------------------------------------------------------------------
Start Flattening Before IO Insertion
---------------------------------------------------------------------------------
---------------------------------------------------------------------------------
Finished Flattening Before IO Insertion
---------------------------------------------------------------------------------
---------------------------------------------------------------------------------
Start Final Netlist Cleanup
---------------------------------------------------------------------------------
INFO: [Synth 8-4649] Removing BlackBox instance \da_net/network_in/arp_mod  of module arp_rx having unconnected or no output ports
---------------------------------------------------------------------------------
Finished Final Netlist Cleanup
---------------------------------------------------------------------------------
---------------------------------------------------------------------------------
Finished IO Insertion : Time (s): cpu = 00:00:23 ; elapsed = 00:00:24 . Memory (MB): peak = 2659.035 ; gain = 64.016 ; free physical = 1197 ; free virtual = 7666
---------------------------------------------------------------------------------
---------------------------------------------------------------------------------
Start Renaming Generated Instances
---------------------------------------------------------------------------------
---------------------------------------------------------------------------------
Finished Renaming Generated Instances : Time (s): cpu = 00:00:23 ; elapsed = 00:00:24 . Memory (MB): peak = 2659.035 ; gain = 64.016 ; free physical = 1197 ; free virtual = 7666
---------------------------------------------------------------------------------
---------------------------------------------------------------------------------
Start Rebuilding User Hierarchy
---------------------------------------------------------------------------------
---------------------------------------------------------------------------------
Finished Rebuilding User Hierarchy : Time (s): cpu = 00:00:23 ; elapsed = 00:00:24 . Memory (MB): peak = 2659.035 ; gain = 64.016 ; free physical = 1197 ; free virtual = 7666
---------------------------------------------------------------------------------
---------------------------------------------------------------------------------
Start Renaming Generated Ports
---------------------------------------------------------------------------------
---------------------------------------------------------------------------------
Finished Renaming Generated Ports : Time (s): cpu = 00:00:23 ; elapsed = 00:00:24 . Memory (MB): peak = 2659.035 ; gain = 64.016 ; free physical = 1197 ; free virtual = 7666
---------------------------------------------------------------------------------
---------------------------------------------------------------------------------
Start Handling Custom Attributes
---------------------------------------------------------------------------------
---------------------------------------------------------------------------------
Finished Handling Custom Attributes : Time (s): cpu = 00:00:23 ; elapsed = 00:00:24 . Memory (MB): peak = 2659.035 ; gain = 64.016 ; free physical = 1197 ; free virtual = 7666
---------------------------------------------------------------------------------
---------------------------------------------------------------------------------
Start Renaming Generated Nets
---------------------------------------------------------------------------------
---------------------------------------------------------------------------------
Finished Renaming Generated Nets : Time (s): cpu = 00:00:23 ; elapsed = 00:00:24 . Memory (MB): peak = 2659.035 ; gain = 64.016 ; free physical = 1197 ; free virtual = 7666
---------------------------------------------------------------------------------
---------------------------------------------------------------------------------
Start Writing Synthesis Report
---------------------------------------------------------------------------------

Report BlackBoxes: 
+-+--------------+----------+
| |BlackBox name |Instances |
+-+--------------+----------+
+-+--------------+----------+

Report Cell Usage: 
+------+-----------+------+
|      |Cell       |Count |
+------+-----------+------+
|1     |BUFG       |     2|
|2     |CARRY4     |    12|
|3     |LUT1       |     6|
|4     |LUT2       |    30|
|5     |LUT3       |    28|
|6     |LUT4       |    30|
|7     |LUT5       |    31|
|8     |LUT6       |   153|
|9     |MMCME2_ADV |     1|
|10    |FDRE       |   124|
|11    |FDSE       |     1|
|12    |LD         |     1|
|13    |LDP        |     1|
|14    |IBUF       |     5|
|15    |OBUF       |     5|
+------+-----------+------+
---------------------------------------------------------------------------------
Finished Writing Synthesis Report : Time (s): cpu = 00:00:23 ; elapsed = 00:00:24 . Memory (MB): peak = 2659.035 ; gain = 64.016 ; free physical = 1197 ; free virtual = 7666
---------------------------------------------------------------------------------
Synthesis finished with 0 errors, 0 critical warnings and 95 warnings.
Synthesis Optimization Runtime : Time (s): cpu = 00:00:21 ; elapsed = 00:00:22 . Memory (MB): peak = 2659.035 ; gain = 0.000 ; free physical = 1247 ; free virtual = 7715
Synthesis Optimization Complete : Time (s): cpu = 00:00:23 ; elapsed = 00:00:24 . Memory (MB): peak = 2659.035 ; gain = 64.016 ; free physical = 1249 ; free virtual = 7717
INFO: [Project 1-571] Translating synthesized netlist
Netlist sorting complete. Time (s): cpu = 00:00:00.01 ; elapsed = 00:00:00 . Memory (MB): peak = 2659.035 ; gain = 0.000 ; free physical = 1244 ; free virtual = 7712
INFO: [Netlist 29-17] Analyzing 15 Unisim elements for replacement
INFO: [Netlist 29-28] Unisim Transformation completed in 0 CPU seconds
INFO: [Project 1-570] Preparing netlist for logic optimization
Parsing XDC File [/tmp/tmp.rJPFmq/xdc/top_level.xdc]
Finished Parsing XDC File [/tmp/tmp.rJPFmq/xdc/top_level.xdc]
INFO: [Opt 31-138] Pushed 0 inverter(s) to 0 load pin(s).
Netlist sorting complete. Time (s): cpu = 00:00:00 ; elapsed = 00:00:00 . Memory (MB): peak = 2659.035 ; gain = 0.000 ; free physical = 1272 ; free virtual = 7741
INFO: [Project 1-111] Unisim Transformation Summary:
  A total of 2 instances were transformed.
  LD => LDCE: 1 instance 
  LDP => LDPE: 1 instance 

Synth Design complete, checksum: 5e360d36
INFO: [Common 17-83] Releasing license: Synthesis
77 Infos, 186 Warnings, 0 Critical Warnings and 0 Errors encountered.
synth_design completed successfully
synth_design: Time (s): cpu = 00:00:32 ; elapsed = 00:00:29 . Memory (MB): peak = 2659.035 ; gain = 64.020 ; free physical = 1486 ; free virtual = 7955
# opt_design;
Command: opt_design
Attempting to get a license for feature 'Implementation' and/or device 'xc7a100t'
INFO: [Common 17-349] Got license for feature 'Implementation' and/or device 'xc7a100t'
Running DRC as a precondition to command opt_design

Starting DRC Task
INFO: [DRC 23-27] Running DRC with 8 threads
INFO: [Project 1-461] DRC finished with 0 Errors
INFO: [Project 1-462] Please refer to the DRC report (report_drc) for more information.

Time (s): cpu = 00:00:01 ; elapsed = 00:00:00.66 . Memory (MB): peak = 2723.066 ; gain = 64.031 ; free physical = 1485 ; free virtual = 7953

Starting Cache Timing Information Task
INFO: [Timing 38-35] Done setting XDC timing constraints.
INFO: [Timing 38-2] Deriving generated clocks
Ending Cache Timing Information Task | Checksum: 18e6663b9

Time (s): cpu = 00:00:02 ; elapsed = 00:00:02 . Memory (MB): peak = 2754.879 ; gain = 31.812 ; free physical = 1189 ; free virtual = 7657

Starting Logic Optimization Task

Phase 1 Retarget
INFO: [Opt 31-138] Pushed 0 inverter(s) to 0 load pin(s).
In IDDR TRANSFORM
INFO: [Opt 31-49] Retargeted 0 cell(s).
Phase 1 Retarget | Checksum: 178713a83

Time (s): cpu = 00:00:00.09 ; elapsed = 00:00:00.04 . Memory (MB): peak = 2969.848 ; gain = 0.000 ; free physical = 971 ; free virtual = 7440
INFO: [Opt 31-389] Phase Retarget created 34 cells and removed 36 cells
INFO: [Opt 31-1021] In phase Retarget, 1 netlist objects are constrained preventing optimization. Please run opt_design with -debug_log to get more detail. 

Phase 2 Constant propagation
INFO: [Opt 31-138] Pushed 0 inverter(s) to 0 load pin(s).
Phase 2 Constant propagation | Checksum: 22bd9dcfb

Time (s): cpu = 00:00:00.15 ; elapsed = 00:00:00.05 . Memory (MB): peak = 2969.848 ; gain = 0.000 ; free physical = 971 ; free virtual = 7440
INFO: [Opt 31-389] Phase Constant propagation created 19 cells and removed 23 cells

Phase 3 Sweep
Phase 3 Sweep | Checksum: 22af817c0

Time (s): cpu = 00:00:00.18 ; elapsed = 00:00:00.08 . Memory (MB): peak = 2969.848 ; gain = 0.000 ; free physical = 971 ; free virtual = 7440
INFO: [Opt 31-389] Phase Sweep created 0 cells and removed 420 cells

Phase 4 BUFG optimization
Phase 4 BUFG optimization | Checksum: 22af817c0

Time (s): cpu = 00:00:00.19 ; elapsed = 00:00:00.09 . Memory (MB): peak = 3001.863 ; gain = 32.016 ; free physical = 971 ; free virtual = 7440
INFO: [Opt 31-662] Phase BUFG optimization created 0 cells of which 0 are BUFGs and removed 0 cells.

Phase 5 Shift Register Optimization
INFO: [Opt 31-1064] SRL Remap converted 0 SRLs to 0 registers and converted 0 registers of register chains to 0 SRLs
Phase 5 Shift Register Optimization | Checksum: 22af817c0

Time (s): cpu = 00:00:00.19 ; elapsed = 00:00:00.09 . Memory (MB): peak = 3001.863 ; gain = 32.016 ; free physical = 971 ; free virtual = 7440
INFO: [Opt 31-389] Phase Shift Register Optimization created 0 cells and removed 0 cells

Phase 6 Post Processing Netlist
Phase 6 Post Processing Netlist | Checksum: 22af817c0

Time (s): cpu = 00:00:00.19 ; elapsed = 00:00:00.09 . Memory (MB): peak = 3001.863 ; gain = 32.016 ; free physical = 971 ; free virtual = 7440
INFO: [Opt 31-389] Phase Post Processing Netlist created 0 cells and removed 0 cells
Opt_design Change Summary
=========================


-------------------------------------------------------------------------------------------------------------------------
|  Phase                        |  #Cells created  |  #Cells Removed  |  #Constrained objects preventing optimizations  |
-------------------------------------------------------------------------------------------------------------------------
|  Retarget                     |              34  |              36  |                                              1  |
|  Constant propagation         |              19  |              23  |                                              0  |
|  Sweep                        |               0  |             420  |                                              0  |
|  BUFG optimization            |               0  |               0  |                                              0  |
|  Shift Register Optimization  |               0  |               0  |                                              0  |
|  Post Processing Netlist      |               0  |               0  |                                              0  |
-------------------------------------------------------------------------------------------------------------------------



Starting Connectivity Check Task

Time (s): cpu = 00:00:00 ; elapsed = 00:00:00 . Memory (MB): peak = 3001.863 ; gain = 0.000 ; free physical = 971 ; free virtual = 7440
Ending Logic Optimization Task | Checksum: 15d8e115a

Time (s): cpu = 00:00:00.19 ; elapsed = 00:00:00.09 . Memory (MB): peak = 3001.863 ; gain = 32.016 ; free physical = 971 ; free virtual = 7440

Starting Power Optimization Task
INFO: [Pwropt 34-132] Skipping clock gating for clocks with a period < 2.00 ns.
Ending Power Optimization Task | Checksum: 15d8e115a

Time (s): cpu = 00:00:00.01 ; elapsed = 00:00:00 . Memory (MB): peak = 3001.863 ; gain = 0.000 ; free physical = 1170 ; free virtual = 7639

Starting Final Cleanup Task
Ending Final Cleanup Task | Checksum: 15d8e115a

Time (s): cpu = 00:00:00 ; elapsed = 00:00:00 . Memory (MB): peak = 3001.863 ; gain = 0.000 ; free physical = 1170 ; free virtual = 7639

Starting Netlist Obfuscation Task
Netlist sorting complete. Time (s): cpu = 00:00:00 ; elapsed = 00:00:00 . Memory (MB): peak = 3001.863 ; gain = 0.000 ; free physical = 1170 ; free virtual = 7639
Ending Netlist Obfuscation Task | Checksum: 15d8e115a

Time (s): cpu = 00:00:00 ; elapsed = 00:00:00 . Memory (MB): peak = 3001.863 ; gain = 0.000 ; free physical = 1170 ; free virtual = 7639
INFO: [Common 17-83] Releasing license: Implementation
19 Infos, 0 Warnings, 0 Critical Warnings and 0 Errors encountered.
opt_design completed successfully
# place_design;
Command: place_design
Attempting to get a license for feature 'Implementation' and/or device 'xc7a100t'
INFO: [Common 17-349] Got license for feature 'Implementation' and/or device 'xc7a100t'
INFO: [Timing 38-35] Done setting XDC timing constraints.
INFO: [DRC 23-27] Running DRC with 8 threads
INFO: [Vivado_Tcl 4-198] DRC finished with 0 Errors
INFO: [Vivado_Tcl 4-199] Please refer to the DRC report (report_drc) for more information.
Running DRC as a precondition to command place_design
INFO: [DRC 23-27] Running DRC with 8 threads
INFO: [Vivado_Tcl 4-198] DRC finished with 0 Errors
INFO: [Vivado_Tcl 4-199] Please refer to the DRC report (report_drc) for more information.

Starting Placer Task
INFO: [Place 30-611] Multithreading enabled for place_design using a maximum of 8 CPUs

Phase 1 Placer Initialization

Phase 1.1 Placer Initialization Netlist Sorting
Netlist sorting complete. Time (s): cpu = 00:00:00 ; elapsed = 00:00:00 . Memory (MB): peak = 3033.879 ; gain = 0.000 ; free physical = 1165 ; free virtual = 7634
Phase 1.1 Placer Initialization Netlist Sorting | Checksum: 7a2db232

Time (s): cpu = 00:00:00 ; elapsed = 00:00:00.03 . Memory (MB): peak = 3033.879 ; gain = 0.000 ; free physical = 1165 ; free virtual = 7634
Netlist sorting complete. Time (s): cpu = 00:00:00 ; elapsed = 00:00:00 . Memory (MB): peak = 3033.879 ; gain = 0.000 ; free physical = 1165 ; free virtual = 7634

Phase 1.2 IO Placement/ Clock Placement/ Build Placer Device
Phase 1.2 IO Placement/ Clock Placement/ Build Placer Device | Checksum: 49eaffc3

Time (s): cpu = 00:00:00.28 ; elapsed = 00:00:00.13 . Memory (MB): peak = 3033.879 ; gain = 0.000 ; free physical = 1169 ; free virtual = 7637

Phase 1.3 Build Placer Netlist Model
Phase 1.3 Build Placer Netlist Model | Checksum: e14d9cd1

Time (s): cpu = 00:00:00.48 ; elapsed = 00:00:00.16 . Memory (MB): peak = 3033.879 ; gain = 0.000 ; free physical = 1168 ; free virtual = 7637

Phase 1.4 Constrain Clocks/Macros
Phase 1.4 Constrain Clocks/Macros | Checksum: e14d9cd1

Time (s): cpu = 00:00:00.48 ; elapsed = 00:00:00.16 . Memory (MB): peak = 3033.879 ; gain = 0.000 ; free physical = 1168 ; free virtual = 7637
Phase 1 Placer Initialization | Checksum: e14d9cd1

Time (s): cpu = 00:00:00.49 ; elapsed = 00:00:00.16 . Memory (MB): peak = 3033.879 ; gain = 0.000 ; free physical = 1168 ; free virtual = 7637

Phase 2 Global Placement

Phase 2.1 Floorplanning
Phase 2.1 Floorplanning | Checksum: e14d9cd1

Time (s): cpu = 00:00:00.49 ; elapsed = 00:00:00.16 . Memory (MB): peak = 3033.879 ; gain = 0.000 ; free physical = 1168 ; free virtual = 7637

Phase 2.2 Update Timing before SLR Path Opt
Phase 2.2 Update Timing before SLR Path Opt | Checksum: e14d9cd1

Time (s): cpu = 00:00:00.49 ; elapsed = 00:00:00.16 . Memory (MB): peak = 3033.879 ; gain = 0.000 ; free physical = 1168 ; free virtual = 7637

Phase 2.3 Post-Processing in Floorplanning
Phase 2.3 Post-Processing in Floorplanning | Checksum: e14d9cd1

Time (s): cpu = 00:00:00.5 ; elapsed = 00:00:00.17 . Memory (MB): peak = 3033.879 ; gain = 0.000 ; free physical = 1168 ; free virtual = 7637

Phase 2.4 Global Placement Core
WARNING: [Place 46-29] place_design is not in timing mode. Skip physical synthesis in placer
Phase 2.4 Global Placement Core | Checksum: 120b31196

Time (s): cpu = 00:00:02 ; elapsed = 00:00:00.41 . Memory (MB): peak = 3033.879 ; gain = 0.000 ; free physical = 1143 ; free virtual = 7611
Phase 2 Global Placement | Checksum: 120b31196

Time (s): cpu = 00:00:02 ; elapsed = 00:00:00.41 . Memory (MB): peak = 3033.879 ; gain = 0.000 ; free physical = 1143 ; free virtual = 7611

Phase 3 Detail Placement

Phase 3.1 Commit Multi Column Macros
Phase 3.1 Commit Multi Column Macros | Checksum: 120b31196

Time (s): cpu = 00:00:02 ; elapsed = 00:00:00.42 . Memory (MB): peak = 3033.879 ; gain = 0.000 ; free physical = 1143 ; free virtual = 7611

Phase 3.2 Commit Most Macros & LUTRAMs
Phase 3.2 Commit Most Macros & LUTRAMs | Checksum: 1328afaac

Time (s): cpu = 00:00:02 ; elapsed = 00:00:00.42 . Memory (MB): peak = 3033.879 ; gain = 0.000 ; free physical = 1143 ; free virtual = 7611

Phase 3.3 Area Swap Optimization
Phase 3.3 Area Swap Optimization | Checksum: 572951c3

Time (s): cpu = 00:00:02 ; elapsed = 00:00:00.43 . Memory (MB): peak = 3033.879 ; gain = 0.000 ; free physical = 1143 ; free virtual = 7611

Phase 3.4 Pipeline Register Optimization
Phase 3.4 Pipeline Register Optimization | Checksum: 572951c3

Time (s): cpu = 00:00:02 ; elapsed = 00:00:00.43 . Memory (MB): peak = 3033.879 ; gain = 0.000 ; free physical = 1143 ; free virtual = 7611

Phase 3.5 Small Shape Detail Placement
Phase 3.5 Small Shape Detail Placement | Checksum: 16f2c6f13

Time (s): cpu = 00:00:02 ; elapsed = 00:00:00.54 . Memory (MB): peak = 3033.879 ; gain = 0.000 ; free physical = 1139 ; free virtual = 7607

Phase 3.6 Re-assign LUT pins
Phase 3.6 Re-assign LUT pins | Checksum: 16f2c6f13

Time (s): cpu = 00:00:02 ; elapsed = 00:00:00.54 . Memory (MB): peak = 3033.879 ; gain = 0.000 ; free physical = 1139 ; free virtual = 7607

Phase 3.7 Pipeline Register Optimization
Phase 3.7 Pipeline Register Optimization | Checksum: 16f2c6f13

Time (s): cpu = 00:00:02 ; elapsed = 00:00:00.54 . Memory (MB): peak = 3033.879 ; gain = 0.000 ; free physical = 1139 ; free virtual = 7607
Phase 3 Detail Placement | Checksum: 16f2c6f13

Time (s): cpu = 00:00:02 ; elapsed = 00:00:00.54 . Memory (MB): peak = 3033.879 ; gain = 0.000 ; free physical = 1139 ; free virtual = 7607

Phase 4 Post Placement Optimization and Clean-Up

Phase 4.1 Post Commit Optimization
Phase 4.1 Post Commit Optimization | Checksum: 16f2c6f13

Time (s): cpu = 00:00:03 ; elapsed = 00:00:00.58 . Memory (MB): peak = 3033.879 ; gain = 0.000 ; free physical = 1139 ; free virtual = 7607

Phase 4.2 Post Placement Cleanup
Phase 4.2 Post Placement Cleanup | Checksum: 16f2c6f13

Time (s): cpu = 00:00:03 ; elapsed = 00:00:00.59 . Memory (MB): peak = 3033.879 ; gain = 0.000 ; free physical = 1141 ; free virtual = 7610

Phase 4.3 Placer Reporting

Phase 4.3.1 Print Estimated Congestion
INFO: [Place 30-612] Post-Placement Estimated Congestion 
 ____________________________________________________
|           | Global Congestion | Short Congestion  |
| Direction | Region Size       | Region Size       |
|___________|___________________|___________________|
|      North|                1x1|                1x1|
|___________|___________________|___________________|
|      South|                1x1|                1x1|
|___________|___________________|___________________|
|       East|                1x1|                1x1|
|___________|___________________|___________________|
|       West|                1x1|                1x1|
|___________|___________________|___________________|

Phase 4.3.1 Print Estimated Congestion | Checksum: 16f2c6f13

Time (s): cpu = 00:00:03 ; elapsed = 00:00:00.59 . Memory (MB): peak = 3033.879 ; gain = 0.000 ; free physical = 1141 ; free virtual = 7610
Phase 4.3 Placer Reporting | Checksum: 16f2c6f13

Time (s): cpu = 00:00:03 ; elapsed = 00:00:00.59 . Memory (MB): peak = 3033.879 ; gain = 0.000 ; free physical = 1141 ; free virtual = 7610

Phase 4.4 Final Placement Cleanup
Netlist sorting complete. Time (s): cpu = 00:00:00 ; elapsed = 00:00:00 . Memory (MB): peak = 3033.879 ; gain = 0.000 ; free physical = 1141 ; free virtual = 7610

Time (s): cpu = 00:00:03 ; elapsed = 00:00:00.59 . Memory (MB): peak = 3033.879 ; gain = 0.000 ; free physical = 1141 ; free virtual = 7610
Phase 4 Post Placement Optimization and Clean-Up | Checksum: 16f2c6f13

Time (s): cpu = 00:00:03 ; elapsed = 00:00:00.59 . Memory (MB): peak = 3033.879 ; gain = 0.000 ; free physical = 1141 ; free virtual = 7610
Ending Placer Task | Checksum: ff99e7e4

Time (s): cpu = 00:00:03 ; elapsed = 00:00:00.59 . Memory (MB): peak = 3033.879 ; gain = 0.000 ; free physical = 1141 ; free virtual = 7610
INFO: [Common 17-83] Releasing license: Implementation
11 Infos, 1 Warnings, 0 Critical Warnings and 0 Errors encountered.
place_design completed successfully
# phys_opt_design
Command: phys_opt_design
Attempting to get a license for feature 'Implementation' and/or device 'xc7a100t'
INFO: [Common 17-349] Got license for feature 'Implementation' and/or device 'xc7a100t'
INFO: [Timing 38-35] Done setting XDC timing constraints.
INFO: [Vivado_Tcl 4-383] Design worst setup slack (WNS) is greater than or equal to 0.000 ns. Skipping all physical synthesis optimizations.
INFO: [Vivado_Tcl 4-232] No setup violation found. The netlist was not modified.
INFO: [Common 17-83] Releasing license: Implementation
5 Infos, 0 Warnings, 0 Critical Warnings and 0 Errors encountered.
phys_opt_design completed successfully
# route_design
Command: route_design
Attempting to get a license for feature 'Implementation' and/or device 'xc7a100t'
INFO: [Common 17-349] Got license for feature 'Implementation' and/or device 'xc7a100t'
Running DRC as a precondition to command route_design
INFO: [DRC 23-27] Running DRC with 8 threads
INFO: [Vivado_Tcl 4-198] DRC finished with 0 Errors
INFO: [Vivado_Tcl 4-199] Please refer to the DRC report (report_drc) for more information.


Starting Routing Task
INFO: [Route 35-254] Multithreading enabled for route_design using a maximum of 8 CPUs

Phase 1 Build RT Design
Checksum: PlaceDB: f541e102 ConstDB: 0 ShapeSum: a5806e2 RouteDB: 0
Post Restoration Checksum: NetGraph: e5eb8c33 NumContArr: d95cddfd Constraints: 0 Timing: 0
Phase 1 Build RT Design | Checksum: 1bf486a30

Time (s): cpu = 00:00:24 ; elapsed = 00:00:20 . Memory (MB): peak = 3033.879 ; gain = 0.000 ; free physical = 1036 ; free virtual = 7505

Phase 2 Router Initialization

Phase 2.1 Fix Topology Constraints
Phase 2.1 Fix Topology Constraints | Checksum: 1bf486a30

Time (s): cpu = 00:00:24 ; elapsed = 00:00:20 . Memory (MB): peak = 3033.879 ; gain = 0.000 ; free physical = 1003 ; free virtual = 7471

Phase 2.2 Pre Route Cleanup
Phase 2.2 Pre Route Cleanup | Checksum: 1bf486a30

Time (s): cpu = 00:00:24 ; elapsed = 00:00:20 . Memory (MB): peak = 3033.879 ; gain = 0.000 ; free physical = 1003 ; free virtual = 7471
 Number of Nodes with overlaps = 0

Phase 2.3 Update Timing
Phase 2.3 Update Timing | Checksum: cb854428

Time (s): cpu = 00:00:24 ; elapsed = 00:00:20 . Memory (MB): peak = 3033.879 ; gain = 0.000 ; free physical = 994 ; free virtual = 7463

Router Utilization Summary
  Global Vertical Routing Utilization    = 0 %
  Global Horizontal Routing Utilization  = 0 %
  Routable Net Status*
  *Does not include unroutable nets such as driverless and loadless.
  Run report_route_status for detailed report.
  Number of Failed Nets               = 2
    (Failed Nets is the sum of unrouted and partially routed nets)
  Number of Unrouted Nets             = 2
  Number of Partially Routed Nets     = 0
  Number of Node Overlaps             = 0

Phase 2 Router Initialization | Checksum: cb854428

Time (s): cpu = 00:00:24 ; elapsed = 00:00:20 . Memory (MB): peak = 3033.879 ; gain = 0.000 ; free physical = 996 ; free virtual = 7465

Phase 3 Initial Routing

Phase 3.1 Global Routing
Phase 3.1 Global Routing | Checksum: cb854428

Time (s): cpu = 00:00:24 ; elapsed = 00:00:20 . Memory (MB): peak = 3033.879 ; gain = 0.000 ; free physical = 996 ; free virtual = 7465
 Number of Nodes with overlaps = 0
Phase 3 Initial Routing | Checksum: ccbd02de

Time (s): cpu = 00:00:24 ; elapsed = 00:00:21 . Memory (MB): peak = 3033.879 ; gain = 0.000 ; free physical = 995 ; free virtual = 7464

Phase 4 Rip-up And Reroute

Phase 4.1 Global Iteration 0
Phase 4.1 Global Iteration 0 | Checksum: ccbd02de

Time (s): cpu = 00:00:24 ; elapsed = 00:00:21 . Memory (MB): peak = 3033.879 ; gain = 0.000 ; free physical = 995 ; free virtual = 7464
Phase 4 Rip-up And Reroute | Checksum: ccbd02de

Time (s): cpu = 00:00:24 ; elapsed = 00:00:21 . Memory (MB): peak = 3033.879 ; gain = 0.000 ; free physical = 995 ; free virtual = 7464

Phase 5 Delay and Skew Optimization

Phase 5.1 Delay CleanUp
Phase 5.1 Delay CleanUp | Checksum: ccbd02de

Time (s): cpu = 00:00:24 ; elapsed = 00:00:21 . Memory (MB): peak = 3033.879 ; gain = 0.000 ; free physical = 995 ; free virtual = 7464

Phase 5.2 Clock Skew Optimization
Phase 5.2 Clock Skew Optimization | Checksum: ccbd02de

Time (s): cpu = 00:00:24 ; elapsed = 00:00:21 . Memory (MB): peak = 3033.879 ; gain = 0.000 ; free physical = 995 ; free virtual = 7464
Phase 5 Delay and Skew Optimization | Checksum: ccbd02de

Time (s): cpu = 00:00:24 ; elapsed = 00:00:21 . Memory (MB): peak = 3033.879 ; gain = 0.000 ; free physical = 995 ; free virtual = 7464

Phase 6 Post Hold Fix

Phase 6.1 Hold Fix Iter

Phase 6.1.1 Update Timing
Phase 6.1.1 Update Timing | Checksum: ccbd02de

Time (s): cpu = 00:00:24 ; elapsed = 00:00:21 . Memory (MB): peak = 3033.879 ; gain = 0.000 ; free physical = 995 ; free virtual = 7464
Phase 6.1 Hold Fix Iter | Checksum: ccbd02de

Time (s): cpu = 00:00:24 ; elapsed = 00:00:21 . Memory (MB): peak = 3033.879 ; gain = 0.000 ; free physical = 995 ; free virtual = 7464
Phase 6 Post Hold Fix | Checksum: ccbd02de

Time (s): cpu = 00:00:24 ; elapsed = 00:00:21 . Memory (MB): peak = 3033.879 ; gain = 0.000 ; free physical = 995 ; free virtual = 7464

Phase 7 Route finalize

Router Utilization Summary
  Global Vertical Routing Utilization    = 0.00208905 %
  Global Horizontal Routing Utilization  = 0.00369423 %
  Routable Net Status*
  *Does not include unroutable nets such as driverless and loadless.
  Run report_route_status for detailed report.
  Number of Failed Nets               = 0
    (Failed Nets is the sum of unrouted and partially routed nets)
  Number of Unrouted Nets             = 0
  Number of Partially Routed Nets     = 0
  Number of Node Overlaps             = 0

Phase 7 Route finalize | Checksum: ccbd02de

Time (s): cpu = 00:00:24 ; elapsed = 00:00:21 . Memory (MB): peak = 3033.879 ; gain = 0.000 ; free physical = 994 ; free virtual = 7463

Phase 8 Verifying routed nets

 Verification completed successfully
Phase 8 Verifying routed nets | Checksum: ccbd02de

Time (s): cpu = 00:00:24 ; elapsed = 00:00:21 . Memory (MB): peak = 3033.879 ; gain = 0.000 ; free physical = 992 ; free virtual = 7461

Phase 9 Depositing Routes
Phase 9 Depositing Routes | Checksum: 9d550578

Time (s): cpu = 00:00:24 ; elapsed = 00:00:21 . Memory (MB): peak = 3033.879 ; gain = 0.000 ; free physical = 992 ; free virtual = 7461

Phase 10 Post Router Timing
Phase 10 Post Router Timing | Checksum: 9d550578

Time (s): cpu = 00:00:24 ; elapsed = 00:00:21 . Memory (MB): peak = 3033.879 ; gain = 0.000 ; free physical = 992 ; free virtual = 7461
INFO: [Route 35-16] Router Completed Successfully

Time (s): cpu = 00:00:24 ; elapsed = 00:00:21 . Memory (MB): peak = 3033.879 ; gain = 0.000 ; free physical = 1035 ; free virtual = 7503

Routing Is Done.
INFO: [Common 17-83] Releasing license: Implementation
7 Infos, 0 Warnings, 0 Critical Warnings and 0 Errors encountered.
route_design completed successfully
route_design: Time (s): cpu = 00:00:25 ; elapsed = 00:00:21 . Memory (MB): peak = 3033.879 ; gain = 0.000 ; free physical = 1035 ; free virtual = 7503
# write_bitstream -force /tmp/tmp.rJPFmq/obj/out.bit
Command: write_bitstream -force /tmp/tmp.rJPFmq/obj/out.bit
Attempting to get a license for feature 'Implementation' and/or device 'xc7a100t'
INFO: [Common 17-349] Got license for feature 'Implementation' and/or device 'xc7a100t'
Running DRC as a precondition to command write_bitstream
INFO: [IP_Flow 19-234] Refreshing IP repositories
INFO: [IP_Flow 19-1704] No user IP repositories specified
INFO: [IP_Flow 19-2313] Loaded Vivado IP repository '/opt/Xilinx/Vivado/2022.1/data/ip'.
INFO: [DRC 23-27] Running DRC with 8 threads
WARNING: [DRC CFGBVS-1] Missing CFGBVS and CONFIG_VOLTAGE Design Properties: Neither the CFGBVS nor CONFIG_VOLTAGE voltage property is set in the current_design.  Configuration bank voltage select (CFGBVS) must be set to VCCO or GND, and CONFIG_VOLTAGE must be set to the correct configuration voltage, in order to determine the I/O voltage support for the pins in bank 0.  It is suggested to specify these either using the 'Edit Device Properties' function in the GUI or directly in the XDC file using the following syntax:

 set_property CFGBVS value1 [current_design]
 #where value1 is either VCCO or GND

 set_property CONFIG_VOLTAGE value2 [current_design]
 #where value2 is the voltage provided to configuration bank 0

Refer to the device configuration user guide for more information.
INFO: [Vivado 12-3199] DRC finished with 0 Errors, 1 Warnings
INFO: [Vivado 12-3200] Please refer to the DRC report (report_drc) for more information.
INFO: [Designutils 20-2272] Running write_bitstream with 8 threads.
Loading data files...
Loading site data...
Loading route data...
Processing options...
Creating bitmap...
Creating bitstream...
Writing bitstream /tmp/tmp.rJPFmq/obj/out.bit...
INFO: [Vivado 12-1842] Bitgen Completed Successfully.
INFO: [Project 1-1876] WebTalk data collection is mandatory when using a ULT device. To see the specific WebTalk data collected for your design, open the usage_statistics_webtalk.html or usage_statistics_webtalk.xml file in the implementation directory.
INFO: [Common 17-83] Releasing license: Implementation
11 Infos, 1 Warnings, 0 Critical Warnings and 0 Errors encountered.
write_bitstream completed successfully
write_bitstream: Time (s): cpu = 00:00:08 ; elapsed = 00:00:09 . Memory (MB): peak = 3254.473 ; gain = 220.594 ; free physical = 997 ; free virtual = 7469
INFO: [Common 17-206] Exiting Vivado at Mon Nov 21 20:53:58 2022...
